[ 2014-01-02T00:54:24+08:00 ] 127.0.0.1 /new/
INFO: [ app_begin ] --START--
INFO: ReadHtmlCache Behavior ::run [ RunTime:0.001063s ]
INFO: [ app_begin ] --END-- [ RunTime:0.001242s ]
SQL: SHOW COLUMNS FROM `act_announ` [ RunTime:0.001481s ]
SQL: SELECT * FROM `act_announ`  [ RunTime:0.000610s ]
INFO: [ view_parse ] --START--
INFO: ParseTemplate Behavior ::run [ RunTime:0.034643s ]
INFO: [ view_parse ] --END-- [ RunTime:0.034798s ]
INFO: [ view_filter ] --START--
INFO: ContentReplace Behavior ::run [ RunTime:0.000633s ]
INFO: TokenBuild Behavior ::run [ RunTime:0.000569s ]
INFO: WriteHtmlCache Behavior ::run [ RunTime:0.000432s ]
INFO: ShowRuntime Behavior ::run [ RunTime:0.000759s ]
INFO: [ view_filter ] --END-- [ RunTime:0.002650s ]
INFO: [ view_end ] --START--
INFO: ShowPageTrace Behavior ::run [ RunTime:0.000842s ]
INFO: [ view_end ] --END-- [ RunTime:0.000931s ]

[ 2014-01-02T01:18:55+08:00 ] 127.0.0.1 /new/Register/register.html
INFO: [ route_check ] --START--
INFO: CheckRoute Behavior ::run [ RunTime:0.024040s ]
INFO: [ route_check ] --END-- [ RunTime:0.024243s ]
INFO: [ app_begin ] --START--
INFO: ReadHtmlCache Behavior ::run [ RunTime:0.000907s ]
INFO: [ app_begin ] --END-- [ RunTime:0.001040s ]
INFO: [ view_parse ] --START--
INFO: ParseTemplate Behavior ::run [ RunTime:0.015999s ]
INFO: [ view_parse ] --END-- [ RunTime:0.016218s ]
INFO: [ view_filter ] --START--
INFO: ContentReplace Behavior ::run [ RunTime:0.000590s ]
INFO: TokenBuild Behavior ::run [ RunTime:0.000629s ]
INFO: WriteHtmlCache Behavior ::run [ RunTime:0.000327s ]
INFO: ShowRuntime Behavior ::run [ RunTime:0.000743s ]
INFO: [ view_filter ] --END-- [ RunTime:0.002692s ]
INFO: [ view_end ] --START--
INFO: ShowPageTrace Behavior ::run [ RunTime:0.001073s ]
INFO: [ view_end ] --END-- [ RunTime:0.001223s ]

[ 2014-01-02T01:18:59+08:00 ] 127.0.0.1 /new/Register/addmes
INFO: [ route_check ] --START--
INFO: CheckRoute Behavior ::run [ RunTime:0.000529s ]
INFO: [ route_check ] --END-- [ RunTime:0.000606s ]
INFO: [ app_begin ] --START--
INFO: ReadHtmlCache Behavior ::run [ RunTime:0.000353s ]
INFO: [ app_begin ] --END-- [ RunTime:0.000405s ]
SQL: SHOW COLUMNS FROM `act_actor` [ RunTime:0.001102s ]
SQL: SHOW COLUMNS FROM `act_party` [ RunTime:0.000438s ]
SQL: SHOW COLUMNS FROM `act_type` [ RunTime:0.000369s ]
SQL: SHOW COLUMNS FROM `act_age_group` [ RunTime:0.000332s ]
SQL: SELECT * FROM `act_age_group`  [ RunTime:0.000177s ]
SQL: SELECT `t_id`,`t_name` FROM `act_type`  [ RunTime:0.000133s ]
NOTIC: [8] Use of undefined constant _URL_ - assumed '_URL_' /var/www/new/Lib/Action/RegisterAction.class.php 第 100 行.
NOTIC: [8] Undefined offset: 2 /var/www/new/Lib/Action/RegisterAction.class.php 第 100 行.
INFO: [ view_parse ] --START--
INFO: ParseTemplate Behavior ::run [ RunTime:0.041216s ]
INFO: [ view_parse ] --END-- [ RunTime:0.041295s ]
INFO: [ view_filter ] --START--
INFO: ContentReplace Behavior ::run [ RunTime:0.000260s ]
INFO: TokenBuild Behavior ::run [ RunTime:0.000210s ]
INFO: WriteHtmlCache Behavior ::run [ RunTime:0.000108s ]
INFO: ShowRuntime Behavior ::run [ RunTime:0.000267s ]
INFO: [ view_filter ] --END-- [ RunTime:0.000985s ]
INFO: [ view_end ] --START--
INFO: ShowPageTrace Behavior ::run [ RunTime:0.000388s ]
INFO: [ view_end ] --END-- [ RunTime:0.000456s ]

[ 2014-01-02T01:37:33+08:00 ] 127.0.0.1 /new/Register/addmes
INFO: [ route_check ] --START--
INFO: CheckRoute Behavior ::run [ RunTime:0.000602s ]
INFO: [ route_check ] --END-- [ RunTime:0.000711s ]
INFO: [ app_begin ] --START--
INFO: ReadHtmlCache Behavior ::run [ RunTime:0.000340s ]
INFO: [ app_begin ] --END-- [ RunTime:0.000404s ]
SQL: SHOW COLUMNS FROM `act_actor` [ RunTime:0.002875s ]
SQL: SHOW COLUMNS FROM `act_party` [ RunTime:0.000672s ]
NOTIC: [8192] Function ereg() is deprecated /var/www/new/Common/Global.php 第 23 行.
NOTIC: [8192] Function ereg() is deprecated /var/www/new/Common/Global.php 第 23 行.
NOTIC: [8192] Function ereg() is deprecated /var/www/new/Common/Global.php 第 23 行.
NOTIC: [8192] Function ereg() is deprecated /var/www/new/Common/Global.php 第 23 行.
NOTIC: [8192] Function ereg() is deprecated /var/www/new/Common/Global.php 第 23 行.
NOTIC: [8192] Function ereg() is deprecated /var/www/new/Common/Global.php 第 23 行.
NOTIC: [8192] Function ereg() is deprecated /var/www/new/Common/Global.php 第 23 行.
NOTIC: [8192] Function ereg() is deprecated /var/www/new/Common/Global.php 第 23 行.
NOTIC: [8192] Function ereg() is deprecated /var/www/new/Common/Global.php 第 23 行.
NOTIC: [8192] Function ereg() is deprecated /var/www/new/Common/Global.php 第 23 行.
NOTIC: [8192] Function ereg() is deprecated /var/www/new/Common/Global.php 第 23 行.
NOTIC: [8192] Function ereg() is deprecated /var/www/new/Common/Global.php 第 23 行.
NOTIC: [8192] Function ereg() is deprecated /var/www/new/Common/Global.php 第 23 行.
NOTIC: [8192] Function ereg() is deprecated /var/www/new/Common/Global.php 第 23 行.
NOTIC: [8192] Function ereg() is deprecated /var/www/new/Common/Global.php 第 23 行.
NOTIC: [8192] Function ereg() is deprecated /var/www/new/Common/Global.php 第 23 行.
NOTIC: [8192] Function ereg() is deprecated /var/www/new/Common/Global.php 第 23 行.
NOTIC: [8192] Function ereg() is deprecated /var/www/new/Common/Global.php 第 23 行.
NOTIC: [8192] Function ereg() is deprecated /var/www/new/Common/Global.php 第 23 行.
NOTIC: [8192] Function ereg() is deprecated /var/www/new/Common/Global.php 第 23 行.
NOTIC: [8192] Function ereg() is deprecated /var/www/new/Common/Global.php 第 23 行.
NOTIC: [8192] Function ereg() is deprecated /var/www/new/Common/Global.php 第 23 行.
NOTIC: [8192] Function ereg() is deprecated /var/www/new/Common/Global.php 第 23 行.
NOTIC: [8192] Function ereg() is deprecated /var/www/new/Common/Global.php 第 23 行.
NOTIC: [8192] Function ereg() is deprecated /var/www/new/Common/Global.php 第 23 行.
NOTIC: [8192] Function ereg() is deprecated /var/www/new/Common/Global.php 第 23 行.
NOTIC: [8192] Function ereg() is deprecated /var/www/new/Common/Global.php 第 23 行.
NOTIC: [8192] Function ereg() is deprecated /var/www/new/Common/Global.php 第 23 行.
NOTIC: [8192] Function ereg() is deprecated /var/www/new/Common/Global.php 第 23 行.
NOTIC: [8192] Function ereg() is deprecated /var/www/new/Common/Global.php 第 23 行.
NOTIC: [8192] Function ereg() is deprecated /var/www/new/Common/Global.php 第 23 行.
NOTIC: [8192] Function ereg() is deprecated /var/www/new/Common/Global.php 第 23 行.
NOTIC: [8192] Function ereg() is deprecated /var/www/new/Common/Global.php 第 23 行.
NOTIC: [8192] Function ereg() is deprecated /var/www/new/Common/Global.php 第 23 行.
NOTIC: [8192] Function ereg() is deprecated /var/www/new/Common/Global.php 第 23 行.
NOTIC: [8192] Function ereg() is deprecated /var/www/new/Common/Global.php 第 23 行.
NOTIC: [8192] Function ereg() is deprecated /var/www/new/Common/Global.php 第 23 行.
NOTIC: [8192] Function ereg() is deprecated /var/www/new/Common/Global.php 第 23 行.
NOTIC: [8192] Function ereg() is deprecated /var/www/new/Common/Global.php 第 23 行.
NOTIC: [8192] Function ereg() is deprecated /var/www/new/Common/Global.php 第 23 行.
SQL: INSERT INTO `act_party` (`p_name`,`p_password`,`type`) VALUES ('qwe','51981121421218421241278e0288141e49899ee8',2) [ RunTime:0.070889s ]
SQL: SELECT `p_id` FROM `act_party` WHERE ( `p_name` = 'qwe' ) AND ( `p_password` = '51981121421218421241278e0288141e49899ee8' ) LIMIT 1   [ RunTime:0.000818s ]
NOTIC: [8] Use of undefined constant setname - assumed 'setname' /var/www/new/Lib/Action/RegisterAction.class.php 第 38 行.
NOTIC: [8] Undefined variable: filename /var/www/new/Lib/Action/RegisterAction.class.php 第 47 行.
NOTIC: [8] Undefined index: g_school /var/www/new/Lib/Action/RegisterAction.class.php 第 71 行.
NOTIC: [8] Undefined index: video /var/www/new/Lib/Action/RegisterAction.class.php 第 76 行.
NOTIC: [8] Undefined index: reword /var/www/new/Lib/Action/RegisterAction.class.php 第 79 行.
NOTIC: [8] Undefined index: description /var/www/new/Lib/Action/RegisterAction.class.php 第 82 行.
SQL: INSERT INTO `act_actor` (`self_photo`,`image_self`,`p_id`,`truename`,`stagename`,`t_id`,`sex`,`birth`,`live_place`,`age_id`,`native`,`high`,`weight`,`special`,`hobby`,`email`,`tel`,`g_school`,`q_company`,`video`,`reword`,`saywords`,`description`) VALUES ('138859785316.jpeg','s:50:\"1.jpeg|138859785316.jpeg,1.jpeg|1388597853473.jpeg\";',45,'1','1',1,'2',0,'1',11,'1','1','1','1','1','123@qq.com','1','1,','个人','1,','1,','1',null) [ RunTime:0.137373s ]

[ 2014-01-02T01:37:36+08:00 ] 127.0.0.1 /new/index/index.html
INFO: [ route_check ] --START--
INFO: CheckRoute Behavior ::run [ RunTime:0.000534s ]
INFO: [ route_check ] --END-- [ RunTime:0.000617s ]
INFO: [ app_begin ] --START--
INFO: ReadHtmlCache Behavior ::run [ RunTime:0.000368s ]
INFO: [ app_begin ] --END-- [ RunTime:0.000433s ]
SQL: SHOW COLUMNS FROM `act_announ` [ RunTime:0.001361s ]
SQL: SELECT * FROM `act_announ`  [ RunTime:0.000148s ]
INFO: [ view_parse ] --START--
INFO: ParseTemplate Behavior ::run [ RunTime:0.006801s ]
INFO: [ view_parse ] --END-- [ RunTime:0.006882s ]
INFO: [ view_filter ] --START--
INFO: ContentReplace Behavior ::run [ RunTime:0.000233s ]
INFO: TokenBuild Behavior ::run [ RunTime:0.000217s ]
INFO: WriteHtmlCache Behavior ::run [ RunTime:0.000112s ]
INFO: ShowRuntime Behavior ::run [ RunTime:0.000247s ]
INFO: [ view_filter ] --END-- [ RunTime:0.000952s ]
INFO: [ view_end ] --START--
INFO: ShowPageTrace Behavior ::run [ RunTime:0.000366s ]
INFO: [ view_end ] --END-- [ RunTime:0.000417s ]

[ 2014-01-02T01:37:42+08:00 ] 127.0.0.1 /new/Register/addmes
INFO: [ route_check ] --START--
INFO: CheckRoute Behavior ::run [ RunTime:0.000669s ]
INFO: [ route_check ] --END-- [ RunTime:0.000805s ]
INFO: [ app_begin ] --START--
INFO: ReadHtmlCache Behavior ::run [ RunTime:0.000418s ]
INFO: [ app_begin ] --END-- [ RunTime:0.000503s ]
SQL: SHOW COLUMNS FROM `act_actor` [ RunTime:0.001386s ]
SQL: SHOW COLUMNS FROM `act_party` [ RunTime:0.000601s ]
NOTIC: [8192] Function ereg() is deprecated /var/www/new/Common/Global.php 第 23 行.
NOTIC: [8192] Function ereg() is deprecated /var/www/new/Common/Global.php 第 23 行.
NOTIC: [8192] Function ereg() is deprecated /var/www/new/Common/Global.php 第 23 行.
NOTIC: [8192] Function ereg() is deprecated /var/www/new/Common/Global.php 第 23 行.
NOTIC: [8192] Function ereg() is deprecated /var/www/new/Common/Global.php 第 23 行.
NOTIC: [8192] Function ereg() is deprecated /var/www/new/Common/Global.php 第 23 行.
NOTIC: [8192] Function ereg() is deprecated /var/www/new/Common/Global.php 第 23 行.
NOTIC: [8192] Function ereg() is deprecated /var/www/new/Common/Global.php 第 23 行.
NOTIC: [8192] Function ereg() is deprecated /var/www/new/Common/Global.php 第 23 行.
NOTIC: [8192] Function ereg() is deprecated /var/www/new/Common/Global.php 第 23 行.
NOTIC: [8192] Function ereg() is deprecated /var/www/new/Common/Global.php 第 23 行.
NOTIC: [8192] Function ereg() is deprecated /var/www/new/Common/Global.php 第 23 行.
NOTIC: [8192] Function ereg() is deprecated /var/www/new/Common/Global.php 第 23 行.
NOTIC: [8192] Function ereg() is deprecated /var/www/new/Common/Global.php 第 23 行.
NOTIC: [8192] Function ereg() is deprecated /var/www/new/Common/Global.php 第 23 行.
NOTIC: [8192] Function ereg() is deprecated /var/www/new/Common/Global.php 第 23 行.
NOTIC: [8192] Function ereg() is deprecated /var/www/new/Common/Global.php 第 23 行.
NOTIC: [8192] Function ereg() is deprecated /var/www/new/Common/Global.php 第 23 行.
NOTIC: [8192] Function ereg() is deprecated /var/www/new/Common/Global.php 第 23 行.
NOTIC: [8192] Function ereg() is deprecated /var/www/new/Common/Global.php 第 23 行.
NOTIC: [8192] Function ereg() is deprecated /var/www/new/Common/Global.php 第 23 行.
NOTIC: [8192] Function ereg() is deprecated /var/www/new/Common/Global.php 第 23 行.
NOTIC: [8192] Function ereg() is deprecated /var/www/new/Common/Global.php 第 23 行.
NOTIC: [8192] Function ereg() is deprecated /var/www/new/Common/Global.php 第 23 行.
NOTIC: [8192] Function ereg() is deprecated /var/www/new/Common/Global.php 第 23 行.
NOTIC: [8192] Function ereg() is deprecated /var/www/new/Common/Global.php 第 23 行.
NOTIC: [8192] Function ereg() is deprecated /var/www/new/Common/Global.php 第 23 行.
NOTIC: [8192] Function ereg() is deprecated /var/www/new/Common/Global.php 第 23 行.
NOTIC: [8192] Function ereg() is deprecated /var/www/new/Common/Global.php 第 23 行.
NOTIC: [8192] Function ereg() is deprecated /var/www/new/Common/Global.php 第 23 行.
NOTIC: [8192] Function ereg() is deprecated /var/www/new/Common/Global.php 第 23 行.
NOTIC: [8192] Function ereg() is deprecated /var/www/new/Common/Global.php 第 23 行.
NOTIC: [8192] Function ereg() is deprecated /var/www/new/Common/Global.php 第 23 行.
NOTIC: [8192] Function ereg() is deprecated /var/www/new/Common/Global.php 第 23 行.
NOTIC: [8192] Function ereg() is deprecated /var/www/new/Common/Global.php 第 23 行.
NOTIC: [8192] Function ereg() is deprecated /var/www/new/Common/Global.php 第 23 行.
NOTIC: [8192] Function ereg() is deprecated /var/www/new/Common/Global.php 第 23 行.
NOTIC: [8192] Function ereg() is deprecated /var/www/new/Common/Global.php 第 23 行.
NOTIC: [8192] Function ereg() is deprecated /var/www/new/Common/Global.php 第 23 行.
NOTIC: [8192] Function ereg() is deprecated /var/www/new/Common/Global.php 第 23 行.
SQL: INSERT INTO `act_party` (`p_name`,`p_password`,`type`) VALUES ('qwe','802802ee1e495918271198e88141228108821118',2) [ RunTime:0.135809s ]
SQL: SELECT `p_id` FROM `act_party` WHERE ( `p_name` = 'qwe' ) AND ( `p_password` = '802802ee1e495918271198e88141228108821118' ) LIMIT 1   [ RunTime:0.000354s ]
NOTIC: [8] Use of undefined constant setname - assumed 'setname' /var/www/new/Lib/Action/RegisterAction.class.php 第 38 行.
NOTIC: [8] Undefined variable: filename /var/www/new/Lib/Action/RegisterAction.class.php 第 47 行.
NOTIC: [8] Undefined index: g_school /var/www/new/Lib/Action/RegisterAction.class.php 第 71 行.
NOTIC: [8] Undefined index: video /var/www/new/Lib/Action/RegisterAction.class.php 第 76 行.
NOTIC: [8] Undefined index: reword /var/www/new/Lib/Action/RegisterAction.class.php 第 79 行.
NOTIC: [8] Undefined index: description /var/www/new/Lib/Action/RegisterAction.class.php 第 82 行.
SQL: INSERT INTO `act_actor` (`self_photo`,`image_self`,`p_id`,`truename`,`stagename`,`t_id`,`sex`,`birth`,`live_place`,`age_id`,`native`,`high`,`weight`,`special`,`hobby`,`email`,`tel`,`g_school`,`q_company`,`video`,`reword`,`saywords`,`description`) VALUES ('1388597862258.jpeg','s:51:\"1.jpeg|1388597862258.jpeg,1.jpeg|1388597862763.jpeg\";',46,'1','1',1,'2',0,'1',11,'1','1','1','1','1','123@qq.com','1','1,','个人','1,','1,','1',null) [ RunTime:0.072589s ]

[ 2014-01-02T01:37:45+08:00 ] 127.0.0.1 /new/index/index.html
INFO: [ route_check ] --START--
INFO: CheckRoute Behavior ::run [ RunTime:0.000546s ]
INFO: [ route_check ] --END-- [ RunTime:0.000625s ]
INFO: [ app_begin ] --START--
INFO: ReadHtmlCache Behavior ::run [ RunTime:0.000303s ]
INFO: [ app_begin ] --END-- [ RunTime:0.000356s ]
SQL: SHOW COLUMNS FROM `act_announ` [ RunTime:0.000775s ]
SQL: SELECT * FROM `act_announ`  [ RunTime:0.000095s ]
INFO: [ view_parse ] --START--
INFO: ParseTemplate Behavior ::run [ RunTime:0.006609s ]
INFO: [ view_parse ] --END-- [ RunTime:0.006698s ]
INFO: [ view_filter ] --START--
INFO: ContentReplace Behavior ::run [ RunTime:0.000213s ]
INFO: TokenBuild Behavior ::run [ RunTime:0.000213s ]
INFO: WriteHtmlCache Behavior ::run [ RunTime:0.000111s ]
INFO: ShowRuntime Behavior ::run [ RunTime:0.000247s ]
INFO: [ view_filter ] --END-- [ RunTime:0.000925s ]
INFO: [ view_end ] --START--
INFO: ShowPageTrace Behavior ::run [ RunTime:0.000361s ]
INFO: [ view_end ] --END-- [ RunTime:0.000412s ]

[ 2014-01-02T01:42:18+08:00 ] 127.0.0.1 /new/Register/addmes
INFO: [ route_check ] --START--
INFO: CheckRoute Behavior ::run [ RunTime:0.000626s ]
INFO: [ route_check ] --END-- [ RunTime:0.000747s ]
INFO: [ app_begin ] --START--
INFO: ReadHtmlCache Behavior ::run [ RunTime:0.000338s ]
INFO: [ app_begin ] --END-- [ RunTime:0.000401s ]
SQL: SHOW COLUMNS FROM `act_actor` [ RunTime:0.002872s ]
SQL: SHOW COLUMNS FROM `act_party` [ RunTime:0.000921s ]
NOTIC: [8192] Function ereg() is deprecated /var/www/new/Common/Global.php 第 23 行.
NOTIC: [8192] Function ereg() is deprecated /var/www/new/Common/Global.php 第 23 行.
NOTIC: [8192] Function ereg() is deprecated /var/www/new/Common/Global.php 第 23 行.
NOTIC: [8192] Function ereg() is deprecated /var/www/new/Common/Global.php 第 23 行.
NOTIC: [8192] Function ereg() is deprecated /var/www/new/Common/Global.php 第 23 行.
NOTIC: [8192] Function ereg() is deprecated /var/www/new/Common/Global.php 第 23 行.
NOTIC: [8192] Function ereg() is deprecated /var/www/new/Common/Global.php 第 23 行.
NOTIC: [8192] Function ereg() is deprecated /var/www/new/Common/Global.php 第 23 行.
NOTIC: [8192] Function ereg() is deprecated /var/www/new/Common/Global.php 第 23 行.
NOTIC: [8192] Function ereg() is deprecated /var/www/new/Common/Global.php 第 23 行.
NOTIC: [8192] Function ereg() is deprecated /var/www/new/Common/Global.php 第 23 行.
NOTIC: [8192] Function ereg() is deprecated /var/www/new/Common/Global.php 第 23 行.
NOTIC: [8192] Function ereg() is deprecated /var/www/new/Common/Global.php 第 23 行.
NOTIC: [8192] Function ereg() is deprecated /var/www/new/Common/Global.php 第 23 行.
NOTIC: [8192] Function ereg() is deprecated /var/www/new/Common/Global.php 第 23 行.
NOTIC: [8192] Function ereg() is deprecated /var/www/new/Common/Global.php 第 23 行.
NOTIC: [8192] Function ereg() is deprecated /var/www/new/Common/Global.php 第 23 行.
NOTIC: [8192] Function ereg() is deprecated /var/www/new/Common/Global.php 第 23 行.
NOTIC: [8192] Function ereg() is deprecated /var/www/new/Common/Global.php 第 23 行.
NOTIC: [8192] Function ereg() is deprecated /var/www/new/Common/Global.php 第 23 行.
NOTIC: [8192] Function ereg() is deprecated /var/www/new/Common/Global.php 第 23 行.
NOTIC: [8192] Function ereg() is deprecated /var/www/new/Common/Global.php 第 23 行.
NOTIC: [8192] Function ereg() is deprecated /var/www/new/Common/Global.php 第 23 行.
NOTIC: [8192] Function ereg() is deprecated /var/www/new/Common/Global.php 第 23 行.
NOTIC: [8192] Function ereg() is deprecated /var/www/new/Common/Global.php 第 23 行.
NOTIC: [8192] Function ereg() is deprecated /var/www/new/Common/Global.php 第 23 行.
NOTIC: [8192] Function ereg() is deprecated /var/www/new/Common/Global.php 第 23 行.
NOTIC: [8192] Function ereg() is deprecated /var/www/new/Common/Global.php 第 23 行.
NOTIC: [8192] Function ereg() is deprecated /var/www/new/Common/Global.php 第 23 行.
NOTIC: [8192] Function ereg() is deprecated /var/www/new/Common/Global.php 第 23 行.
NOTIC: [8192] Function ereg() is deprecated /var/www/new/Common/Global.php 第 23 行.
NOTIC: [8192] Function ereg() is deprecated /var/www/new/Common/Global.php 第 23 行.
NOTIC: [8192] Function ereg() is deprecated /var/www/new/Common/Global.php 第 23 行.
NOTIC: [8192] Function ereg() is deprecated /var/www/new/Common/Global.php 第 23 行.
NOTIC: [8192] Function ereg() is deprecated /var/www/new/Common/Global.php 第 23 行.
NOTIC: [8192] Function ereg() is deprecated /var/www/new/Common/Global.php 第 23 行.
NOTIC: [8192] Function ereg() is deprecated /var/www/new/Common/Global.php 第 23 行.
NOTIC: [8192] Function ereg() is deprecated /var/www/new/Common/Global.php 第 23 行.
NOTIC: [8192] Function ereg() is deprecated /var/www/new/Common/Global.php 第 23 行.
NOTIC: [8192] Function ereg() is deprecated /var/www/new/Common/Global.php 第 23 行.
SQL: INSERT INTO `act_party` (`p_name`,`p_password`,`type`) VALUES ('qwe','802802ee1e495918271198e88141228108821118',2) [ RunTime:0.102850s ]
SQL: SELECT `p_id` FROM `act_party` WHERE ( `p_name` = 'qwe' ) AND ( `p_password` = '802802ee1e495918271198e88141228108821118' ) LIMIT 1   [ RunTime:0.000706s ]
NOTIC: [8] Use of undefined constant setname - assumed 'setname' /var/www/new/Lib/Action/RegisterAction.class.php 第 38 行.
NOTIC: [8] Undefined variable: filename /var/www/new/Lib/Action/RegisterAction.class.php 第 47 行.
NOTIC: [8] Undefined index: g_school /var/www/new/Lib/Action/RegisterAction.class.php 第 71 行.
NOTIC: [8] Undefined index: video /var/www/new/Lib/Action/RegisterAction.class.php 第 76 行.
NOTIC: [8] Undefined index: reword /var/www/new/Lib/Action/RegisterAction.class.php 第 79 行.
NOTIC: [8] Undefined index: description /var/www/new/Lib/Action/RegisterAction.class.php 第 82 行.
SQL: INSERT INTO `act_actor` (`self_photo`,`image_self`,`p_id`,`truename`,`stagename`,`t_id`,`sex`,`birth`,`live_place`,`age_id`,`native`,`high`,`weight`,`special`,`hobby`,`email`,`tel`,`g_school`,`q_company`,`video`,`reword`,`saywords`,`description`) VALUES ('1388598138855.jpeg','s:50:\"1.jpeg|1388598138855.jpeg,1.jpeg|138859813885.jpeg\";',46,'1','1',1,'2',0,'1',11,'1','1','1','1','1','123@qq.com','1','1,','个人','1,','1,','1',null) [ RunTime:0.128134s ]

[ 2014-01-02T01:42:20+08:00 ] 127.0.0.1 /new/index/index.html
INFO: [ route_check ] --START--
INFO: CheckRoute Behavior ::run [ RunTime:0.001166s ]
INFO: [ route_check ] --END-- [ RunTime:0.001253s ]
INFO: [ app_begin ] --START--
INFO: ReadHtmlCache Behavior ::run [ RunTime:0.000415s ]
INFO: [ app_begin ] --END-- [ RunTime:0.000479s ]
SQL: SHOW COLUMNS FROM `act_announ` [ RunTime:0.000616s ]
SQL: SELECT * FROM `act_announ`  [ RunTime:0.000204s ]
INFO: [ view_parse ] --START--
INFO: ParseTemplate Behavior ::run [ RunTime:0.015988s ]
INFO: [ view_parse ] --END-- [ RunTime:0.016143s ]
INFO: [ view_filter ] --START--
INFO: ContentReplace Behavior ::run [ RunTime:0.000600s ]
INFO: TokenBuild Behavior ::run [ RunTime:0.000219s ]
INFO: WriteHtmlCache Behavior ::run [ RunTime:0.000111s ]
INFO: ShowRuntime Behavior ::run [ RunTime:0.000527s ]
INFO: [ view_filter ] --END-- [ RunTime:0.001694s ]
INFO: [ view_end ] --START--
INFO: ShowPageTrace Behavior ::run [ RunTime:0.001041s ]
INFO: [ view_end ] --END-- [ RunTime:0.001189s ]

[ 2014-01-02T01:43:02+08:00 ] 127.0.0.1 /new/Register/addmes
INFO: [ route_check ] --START--
INFO: CheckRoute Behavior ::run [ RunTime:0.000557s ]
INFO: [ route_check ] --END-- [ RunTime:0.000662s ]
INFO: [ app_begin ] --START--
INFO: ReadHtmlCache Behavior ::run [ RunTime:0.000328s ]
INFO: [ app_begin ] --END-- [ RunTime:0.000388s ]
SQL: SHOW COLUMNS FROM `act_actor` [ RunTime:0.002792s ]
SQL: SHOW COLUMNS FROM `act_party` [ RunTime:0.001094s ]
NOTIC: [8192] Function ereg() is deprecated /var/www/new/Common/Global.php 第 23 行.
NOTIC: [8192] Function ereg() is deprecated /var/www/new/Common/Global.php 第 23 行.
NOTIC: [8192] Function ereg() is deprecated /var/www/new/Common/Global.php 第 23 行.
NOTIC: [8192] Function ereg() is deprecated /var/www/new/Common/Global.php 第 23 行.
NOTIC: [8192] Function ereg() is deprecated /var/www/new/Common/Global.php 第 23 行.
NOTIC: [8192] Function ereg() is deprecated /var/www/new/Common/Global.php 第 23 行.
NOTIC: [8192] Function ereg() is deprecated /var/www/new/Common/Global.php 第 23 行.
NOTIC: [8192] Function ereg() is deprecated /var/www/new/Common/Global.php 第 23 行.
NOTIC: [8192] Function ereg() is deprecated /var/www/new/Common/Global.php 第 23 行.
NOTIC: [8192] Function ereg() is deprecated /var/www/new/Common/Global.php 第 23 行.
NOTIC: [8192] Function ereg() is deprecated /var/www/new/Common/Global.php 第 23 行.
NOTIC: [8192] Function ereg() is deprecated /var/www/new/Common/Global.php 第 23 行.
NOTIC: [8192] Function ereg() is deprecated /var/www/new/Common/Global.php 第 23 行.
NOTIC: [8192] Function ereg() is deprecated /var/www/new/Common/Global.php 第 23 行.
NOTIC: [8192] Function ereg() is deprecated /var/www/new/Common/Global.php 第 23 行.
NOTIC: [8192] Function ereg() is deprecated /var/www/new/Common/Global.php 第 23 行.
NOTIC: [8192] Function ereg() is deprecated /var/www/new/Common/Global.php 第 23 行.
NOTIC: [8192] Function ereg() is deprecated /var/www/new/Common/Global.php 第 23 行.
NOTIC: [8192] Function ereg() is deprecated /var/www/new/Common/Global.php 第 23 行.
NOTIC: [8192] Function ereg() is deprecated /var/www/new/Common/Global.php 第 23 行.
NOTIC: [8192] Function ereg() is deprecated /var/www/new/Common/Global.php 第 23 行.
NOTIC: [8192] Function ereg() is deprecated /var/www/new/Common/Global.php 第 23 行.
NOTIC: [8192] Function ereg() is deprecated /var/www/new/Common/Global.php 第 23 行.
NOTIC: [8192] Function ereg() is deprecated /var/www/new/Common/Global.php 第 23 行.
NOTIC: [8192] Function ereg() is deprecated /var/www/new/Common/Global.php 第 23 行.
NOTIC: [8192] Function ereg() is deprecated /var/www/new/Common/Global.php 第 23 行.
NOTIC: [8192] Function ereg() is deprecated /var/www/new/Common/Global.php 第 23 行.
NOTIC: [8192] Function ereg() is deprecated /var/www/new/Common/Global.php 第 23 行.
NOTIC: [8192] Function ereg() is deprecated /var/www/new/Common/Global.php 第 23 行.
NOTIC: [8192] Function ereg() is deprecated /var/www/new/Common/Global.php 第 23 行.
NOTIC: [8192] Function ereg() is deprecated /var/www/new/Common/Global.php 第 23 行.
NOTIC: [8192] Function ereg() is deprecated /var/www/new/Common/Global.php 第 23 行.
NOTIC: [8192] Function ereg() is deprecated /var/www/new/Common/Global.php 第 23 行.
NOTIC: [8192] Function ereg() is deprecated /var/www/new/Common/Global.php 第 23 行.
NOTIC: [8192] Function ereg() is deprecated /var/www/new/Common/Global.php 第 23 行.
NOTIC: [8192] Function ereg() is deprecated /var/www/new/Common/Global.php 第 23 行.
NOTIC: [8192] Function ereg() is deprecated /var/www/new/Common/Global.php 第 23 行.
NOTIC: [8192] Function ereg() is deprecated /var/www/new/Common/Global.php 第 23 行.
NOTIC: [8192] Function ereg() is deprecated /var/www/new/Common/Global.php 第 23 行.
NOTIC: [8192] Function ereg() is deprecated /var/www/new/Common/Global.php 第 23 行.
SQL: INSERT INTO `act_party` (`p_name`,`p_password`,`type`) VALUES ('qwe','145028184021470842e181718528474585828529',2) [ RunTime:0.086409s ]
SQL: SELECT `p_id` FROM `act_party` WHERE ( `p_name` = 'qwe' ) AND ( `p_password` = '145028184021470842e181718528474585828529' ) LIMIT 1   [ RunTime:0.000682s ]
NOTIC: [8] Use of undefined constant setname - assumed 'setname' /var/www/new/Lib/Action/RegisterAction.class.php 第 38 行.
NOTIC: [8] Undefined variable: filename /var/www/new/Lib/Action/RegisterAction.class.php 第 47 行.
NOTIC: [8] Undefined index: g_school /var/www/new/Lib/Action/RegisterAction.class.php 第 71 行.
NOTIC: [8] Undefined index: video /var/www/new/Lib/Action/RegisterAction.class.php 第 76 行.
NOTIC: [8] Undefined index: reword /var/www/new/Lib/Action/RegisterAction.class.php 第 79 行.
NOTIC: [8] Undefined index: description /var/www/new/Lib/Action/RegisterAction.class.php 第 82 行.
SQL: INSERT INTO `act_actor` (`self_photo`,`image_self`,`p_id`,`truename`,`stagename`,`t_id`,`sex`,`birth`,`live_place`,`age_id`,`native`,`high`,`weight`,`special`,`hobby`,`email`,`tel`,`g_school`,`q_company`,`video`,`reword`,`saywords`,`description`) VALUES ('1388598182228.jpeg','s:51:\"1.jpeg|1388598182228.jpeg,1.jpeg|1388598182216.jpeg\";',48,'1','1',1,'2',0,'1',11,'1','1','1','1','1','123@qq.com','1','1,','个人','1,','1www,','1',null) [ RunTime:0.116757s ]

[ 2014-01-02T01:43:04+08:00 ] 127.0.0.1 /new/index/index.html
INFO: [ route_check ] --START--
INFO: CheckRoute Behavior ::run [ RunTime:0.000519s ]
INFO: [ route_check ] --END-- [ RunTime:0.000594s ]
INFO: [ app_begin ] --START--
INFO: ReadHtmlCache Behavior ::run [ RunTime:0.000310s ]
INFO: [ app_begin ] --END-- [ RunTime:0.000363s ]
SQL: SHOW COLUMNS FROM `act_announ` [ RunTime:0.001317s ]
SQL: SELECT * FROM `act_announ`  [ RunTime:0.000284s ]
INFO: [ view_parse ] --START--
INFO: ParseTemplate Behavior ::run [ RunTime:0.014999s ]
INFO: [ view_parse ] --END-- [ RunTime:0.015113s ]
INFO: [ view_filter ] --START--
INFO: ContentReplace Behavior ::run [ RunTime:0.000212s ]
INFO: TokenBuild Behavior ::run [ RunTime:0.000214s ]
INFO: WriteHtmlCache Behavior ::run [ RunTime:0.000112s ]
INFO: ShowRuntime Behavior ::run [ RunTime:0.000248s ]
INFO: [ view_filter ] --END-- [ RunTime:0.000925s ]
INFO: [ view_end ] --START--
INFO: ShowPageTrace Behavior ::run [ RunTime:0.000368s ]
INFO: [ view_end ] --END-- [ RunTime:0.000420s ]

[ 2014-01-02T01:44:08+08:00 ] 127.0.0.1 /new/Register/addmes
INFO: [ route_check ] --START--
INFO: CheckRoute Behavior ::run [ RunTime:0.000598s ]
INFO: [ route_check ] --END-- [ RunTime:0.000708s ]
INFO: [ app_begin ] --START--
INFO: ReadHtmlCache Behavior ::run [ RunTime:0.000327s ]
INFO: [ app_begin ] --END-- [ RunTime:0.000388s ]
SQL: SHOW COLUMNS FROM `act_actor` [ RunTime:0.001029s ]
SQL: SHOW COLUMNS FROM `act_party` [ RunTime:0.000381s ]
NOTIC: [8192] Function ereg() is deprecated /var/www/new/Common/Global.php 第 23 行.
NOTIC: [8192] Function ereg() is deprecated /var/www/new/Common/Global.php 第 23 行.
NOTIC: [8192] Function ereg() is deprecated /var/www/new/Common/Global.php 第 23 行.
NOTIC: [8192] Function ereg() is deprecated /var/www/new/Common/Global.php 第 23 行.
NOTIC: [8192] Function ereg() is deprecated /var/www/new/Common/Global.php 第 23 行.
NOTIC: [8192] Function ereg() is deprecated /var/www/new/Common/Global.php 第 23 行.
NOTIC: [8192] Function ereg() is deprecated /var/www/new/Common/Global.php 第 23 行.
NOTIC: [8192] Function ereg() is deprecated /var/www/new/Common/Global.php 第 23 行.
NOTIC: [8192] Function ereg() is deprecated /var/www/new/Common/Global.php 第 23 行.
NOTIC: [8192] Function ereg() is deprecated /var/www/new/Common/Global.php 第 23 行.
NOTIC: [8192] Function ereg() is deprecated /var/www/new/Common/Global.php 第 23 行.
NOTIC: [8192] Function ereg() is deprecated /var/www/new/Common/Global.php 第 23 行.
NOTIC: [8192] Function ereg() is deprecated /var/www/new/Common/Global.php 第 23 行.
NOTIC: [8192] Function ereg() is deprecated /var/www/new/Common/Global.php 第 23 行.
NOTIC: [8192] Function ereg() is deprecated /var/www/new/Common/Global.php 第 23 行.
NOTIC: [8192] Function ereg() is deprecated /var/www/new/Common/Global.php 第 23 行.
NOTIC: [8192] Function ereg() is deprecated /var/www/new/Common/Global.php 第 23 行.
NOTIC: [8192] Function ereg() is deprecated /var/www/new/Common/Global.php 第 23 行.
NOTIC: [8192] Function ereg() is deprecated /var/www/new/Common/Global.php 第 23 行.
NOTIC: [8192] Function ereg() is deprecated /var/www/new/Common/Global.php 第 23 行.
NOTIC: [8192] Function ereg() is deprecated /var/www/new/Common/Global.php 第 23 行.
NOTIC: [8192] Function ereg() is deprecated /var/www/new/Common/Global.php 第 23 行.
NOTIC: [8192] Function ereg() is deprecated /var/www/new/Common/Global.php 第 23 行.
NOTIC: [8192] Function ereg() is deprecated /var/www/new/Common/Global.php 第 23 行.
NOTIC: [8192] Function ereg() is deprecated /var/www/new/Common/Global.php 第 23 行.
NOTIC: [8192] Function ereg() is deprecated /var/www/new/Common/Global.php 第 23 行.
NOTIC: [8192] Function ereg() is deprecated /var/www/new/Common/Global.php 第 23 行.
NOTIC: [8192] Function ereg() is deprecated /var/www/new/Common/Global.php 第 23 行.
NOTIC: [8192] Function ereg() is deprecated /var/www/new/Common/Global.php 第 23 行.
NOTIC: [8192] Function ereg() is deprecated /var/www/new/Common/Global.php 第 23 行.
NOTIC: [8192] Function ereg() is deprecated /var/www/new/Common/Global.php 第 23 行.
NOTIC: [8192] Function ereg() is deprecated /var/www/new/Common/Global.php 第 23 行.
NOTIC: [8192] Function ereg() is deprecated /var/www/new/Common/Global.php 第 23 行.
NOTIC: [8192] Function ereg() is deprecated /var/www/new/Common/Global.php 第 23 行.
NOTIC: [8192] Function ereg() is deprecated /var/www/new/Common/Global.php 第 23 行.
NOTIC: [8192] Function ereg() is deprecated /var/www/new/Common/Global.php 第 23 行.
NOTIC: [8192] Function ereg() is deprecated /var/www/new/Common/Global.php 第 23 行.
NOTIC: [8192] Function ereg() is deprecated /var/www/new/Common/Global.php 第 23 行.
NOTIC: [8192] Function ereg() is deprecated /var/www/new/Common/Global.php 第 23 行.
NOTIC: [8192] Function ereg() is deprecated /var/www/new/Common/Global.php 第 23 行.
SQL: INSERT INTO `act_party` (`p_name`,`p_password`,`type`) VALUES ('qwe','51981121421218421241278e0288141e49899ee8',2) [ RunTime:0.175978s ]
SQL: SELECT `p_id` FROM `act_party` WHERE ( `p_name` = 'qwe' ) AND ( `p_password` = '51981121421218421241278e0288141e49899ee8' ) LIMIT 1   [ RunTime:0.000470s ]
NOTIC: [8] Use of undefined constant setname - assumed 'setname' /var/www/new/Lib/Action/RegisterAction.class.php 第 38 行.
NOTIC: [8] Undefined variable: filename /var/www/new/Lib/Action/RegisterAction.class.php 第 47 行.
NOTIC: [8] Undefined index: g_school /var/www/new/Lib/Action/RegisterAction.class.php 第 71 行.
NOTIC: [8] Undefined index: video /var/www/new/Lib/Action/RegisterAction.class.php 第 76 行.
NOTIC: [8] Undefined index: reword /var/www/new/Lib/Action/RegisterAction.class.php 第 79 行.
NOTIC: [8] Undefined index: description /var/www/new/Lib/Action/RegisterAction.class.php 第 82 行.
SQL: INSERT INTO `act_actor` (`self_photo`,`image_self`,`p_id`,`truename`,`stagename`,`t_id`,`sex`,`birth`,`live_place`,`age_id`,`native`,`high`,`weight`,`special`,`hobby`,`email`,`tel`,`g_school`,`q_company`,`video`,`reword`,`saywords`,`description`) VALUES ('1388598248297.jpeg','s:51:\"1.jpeg|1388598248297.jpeg,1.jpeg|1388598248231.jpeg\";',45,'1','1',1,'2',0,'1',11,'1','1','1','1','1','123@qq.com','1','1,','个人','1,','1www,','1',null) [ RunTime:0.085887s ]

[ 2014-01-02T01:44:11+08:00 ] 127.0.0.1 /new/index/index.html
INFO: [ route_check ] --START--
INFO: CheckRoute Behavior ::run [ RunTime:0.001321s ]
INFO: [ route_check ] --END-- [ RunTime:0.001450s ]
INFO: [ app_begin ] --START--
INFO: ReadHtmlCache Behavior ::run [ RunTime:0.000302s ]
INFO: [ app_begin ] --END-- [ RunTime:0.000355s ]
SQL: SHOW COLUMNS FROM `act_announ` [ RunTime:0.000665s ]
SQL: SELECT * FROM `act_announ`  [ RunTime:0.000085s ]
INFO: [ view_parse ] --START--
INFO: ParseTemplate Behavior ::run [ RunTime:0.007604s ]
INFO: [ view_parse ] --END-- [ RunTime:0.007699s ]
INFO: [ view_filter ] --START--
INFO: ContentReplace Behavior ::run [ RunTime:0.000292s ]
INFO: TokenBuild Behavior ::run [ RunTime:0.000269s ]
INFO: WriteHtmlCache Behavior ::run [ RunTime:0.000142s ]
INFO: ShowRuntime Behavior ::run [ RunTime:0.000319s ]
INFO: [ view_filter ] --END-- [ RunTime:0.001235s ]
INFO: [ view_end ] --START--
INFO: ShowPageTrace Behavior ::run [ RunTime:0.000471s ]
INFO: [ view_end ] --END-- [ RunTime:0.000542s ]

